<?xml version='1.0' encoding='UTF-8'?>
<testsuite hostname="n182-p156.eduroam.kth.se" name="simpret.MainTestLab2" tests="67" errors="0" failures="0" skipped="0" time="0.544" timestamp="2022-05-19T15:41:12">
          <properties>
      <property name="java.specification.version" value="18"/><property name="sun.jnu.encoding" value="UTF-8"/><property name="sun.arch.data.model" value="64"/><property name="java.vendor.url" value="https://github.com/Homebrew/homebrew-core/issues"/><property name="sun.boot.library.path" value="/usr/local/Cellar/openjdk/18/libexec/openjdk.jdk/Contents/Home/lib"/><property name="sun.java.command" value="/usr/local/Cellar/sbt/1.6.2/libexec/bin/sbt-launch.jar"/><property name="jdk.debug" value="release"/><property name="sun.stderr.encoding" value="UTF-8"/><property name="java.specification.vendor" value="Oracle Corporation"/><property name="java.version.date" value="2022-03-22"/><property name="java.home" value="/usr/local/Cellar/openjdk/18/libexec/openjdk.jdk/Contents/Home"/><property name="file.separator" value="/"/><property name="java.vm.compressedOopsMode" value="Zero based"/><property name="line.separator" value="
"/><property name="sun.stdout.encoding" value="UTF-8"/><property name="java.vm.specification.vendor" value="Oracle Corporation"/><property name="java.specification.name" value="Java Platform API Specification"/><property name="sun.management.compiler" value="HotSpot 64-Bit Tiered Compilers"/><property name="java.runtime.version" value="18+0"/><property name="user.name" value="davidostling"/><property name="log4j.ignoreTCL" value="true"/><property name="file.encoding" value="UTF-8"/><property name="jnidispatch.path" value="/Users/davidostling/Library/Caches/JNA/temp/jna7714841488099963949.tmp"/><property name="java.vendor.version" value="Homebrew"/><property name="jna.loaded" value="true"/><property name="java.io.tmpdir" value="/var/folders/pk/15qhsx8x0275hq2c5w95hvtw0000gn/T/"/><property name="java.version" value="18"/><property name="java.vm.specification.name" value="Java Virtual Machine Specification"/><property name="native.encoding" value="UTF-8"/><property name="java.library.path" value="/Users/davidostling/Library/Java/Extensions:/Library/Java/Extensions:/Network/Library/Java/Extensions:/System/Library/Java/Extensions:/usr/lib/java:."/><property name="java.vendor" value="Homebrew"/><property name="scala.ext.dirs" value="/Users/davidostling/.sbt/1.0/java9-rt-ext-homebrew_18"/><property name="sun.io.unicode.encoding" value="UnicodeBig"/><property name="socksNonProxyHosts" value="local|*.local|169.254/16|*.169.254/16"/><property name="java.class.path" value="/usr/local/Cellar/sbt/1.6.2/libexec/bin/sbt-launch.jar"/><property name="java.vm.vendor" value="Homebrew"/><property name="jline.shutdownhook" value="false"/><property name="user.timezone" value="Europe/Stockholm"/><property name="java.vm.specification.version" value="18"/><property name="os.name" value="Mac OS X"/><property name="sun.java.launcher" value="SUN_STANDARD"/><property name="user.country" value="SE"/><property name="http.nonProxyHosts" value="local|*.local|169.254/16|*.169.254/16"/><property name="sun.cpu.endian" value="little"/><property name="user.home" value="/Users/davidostling"/><property name="user.language" value="sv"/><property name="sbt.script" value="/usr/local/Cellar/sbt/1.6.2/libexec/bin/sbt"/><property name="swoval.tmpdir" value="/Users/davidostling/.sbt/1.0"/><property name="apple.awt.application.name" value="Boot"/><property name="jline.esc.timeout" value="0"/><property name="ftp.nonProxyHosts" value="local|*.local|169.254/16|*.169.254/16"/><property name="path.separator" value=":"/><property name="os.version" value="12.3.1"/><property name="jna.nosys" value="true"/><property name="java.runtime.name" value="OpenJDK Runtime Environment"/><property name="java.vm.name" value="OpenJDK 64-Bit Server VM"/><property name="jna.platform.library.path" value="/usr/lib:/usr/lib"/><property name="java.vendor.url.bug" value="https://github.com/Homebrew/homebrew-core/issues"/><property name="user.dir" value="/Users/davidostling/Desktop/GROUP21/DD2481_Group21/lab2"/><property name="os.arch" value="x86_64"/><property name="java.vm.info" value="mixed mode, sharing"/><property name="java.vm.version" value="18+0"/><property name="java.class.version" value="62.0"/>
    </properties>
          <testcase classname="simpret.MainTestLab2" name="step test PlusMinus-0.sint" time="0.104">
                      
                    </testcase><testcase classname="simpret.MainTestLab2" name="step test fix.sint" time="0.019">
                      
                    </testcase><testcase classname="simpret.MainTestLab2" name="step test fixBeta.sint" time="0.012">
                      
                    </testcase><testcase classname="simpret.MainTestLab2" name="step test headCons.sint" time="0.007">
                      
                    </testcase><testcase classname="simpret.MainTestLab2" name="step test headStep.sint" time="0.005">
                      
                    </testcase><testcase classname="simpret.MainTestLab2" name="step test isNilConst.sint" time="0.003">
                      
                    </testcase><testcase classname="simpret.MainTestLab2" name="step test isNilNil.sint" time="0.003">
                      
                    </testcase><testcase classname="simpret.MainTestLab2" name="step test lessThan.sint" time="0.001">
                      
                    </testcase><testcase classname="simpret.MainTestLab2" name="step test lessThan_1.sint" time="0.005">
                      
                    </testcase><testcase classname="simpret.MainTestLab2" name="step test lessThan_2.sint" time="0.005">
                      
                    </testcase><testcase classname="simpret.MainTestLab2" name="step test listLeftStep.sint" time="0.004">
                      
                    </testcase><testcase classname="simpret.MainTestLab2" name="step test listRightStep.sint" time="0.004">
                      
                    </testcase><testcase classname="simpret.MainTestLab2" name="step test minus.sint" time="0.004">
                      
                    </testcase><testcase classname="simpret.MainTestLab2" name="step test projRecord.sint" time="0.009">
                      
                    </testcase><testcase classname="simpret.MainTestLab2" name="step test projTuple.sint" time="0.007">
                      
                    </testcase><testcase classname="simpret.MainTestLab2" name="step test stepProjRecord.sint" time="0.008">
                      
                    </testcase><testcase classname="simpret.MainTestLab2" name="step test stepProjTuple.sint" time="0.007">
                      
                    </testcase><testcase classname="simpret.MainTestLab2" name="step test stepRecord.sint" time="0.007">
                      
                    </testcase><testcase classname="simpret.MainTestLab2" name="step test stepTuple.sint" time="0.003">
                      
                    </testcase><testcase classname="simpret.MainTestLab2" name="step test tailCons.sint" time="0.003">
                      
                    </testcase><testcase classname="simpret.MainTestLab2" name="step test tailStep.sint" time="0.004">
                      
                    </testcase><testcase classname="simpret.MainTestLab2" name="step test typableHeadNil.sint" time="0.006">
                      
                    </testcase><testcase classname="simpret.MainTestLab2" name="fixpoint test case_0_recfun_0.sint" time="0.026">
                      
                    </testcase><testcase classname="simpret.MainTestLab2" name="fixpoint test case_0_square_0.sint" time="0.016">
                      
                    </testcase><testcase classname="simpret.MainTestLab2" name="fixpoint test case_0_square_1.sint" time="0.019">
                      
                    </testcase><testcase classname="simpret.MainTestLab2" name="fixpoint test case_0_square_2.sint" time="0.017">
                      
                    </testcase><testcase classname="simpret.MainTestLab2" name="fixpoint test case_0_square_3.sint" time="0.1">
                      
                    </testcase><testcase classname="simpret.MainTestLab2" name="fixpoint test case_1_extensions_0.sint" time="0.024">
                      
                    </testcase><testcase classname="simpret.MainTestLab2" name="fixpoint test case_1_extensions_1.sint" time="0.002">
                      
                    </testcase><testcase classname="simpret.MainTestLab2" name="fixpoint test case_1_extensions_2.sint" time="0.001">
                      
                    </testcase><testcase classname="simpret.MainTestLab2" name="fixpoint test case_1_extensions_3.sint" time="0.002">
                      
                    </testcase><testcase classname="simpret.MainTestLab2" name="fixpoint test case_1_extensions_4.sint" time="0.006">
                      
                    </testcase><testcase classname="simpret.MainTestLab2" name="fixpoint test case_2_letin_0.sint" time="0.003">
                      
                    </testcase><testcase classname="simpret.MainTestLab2" name="fixpoint test case_2_times_0.sint" time="0.009">
                      
                    </testcase><testcase classname="simpret.MainTestLab2" name="fixpoint test case_2_times_1.sint" time="0.007">
                      
                    </testcase><testcase classname="simpret.MainTestLab2" name="fixpoint test case_2_times_2.sint" time="0.01">
                      
                    </testcase><testcase classname="simpret.MainTestLab2" name="fixpoint test case_3_factorial_0.sint" time="0.008">
                      
                    </testcase><testcase classname="simpret.MainTestLab2" name="fixpoint test case_3_factorial_1.sint" time="0.011">
                      
                    </testcase><testcase classname="simpret.MainTestLab2" name="fixpoint test case_3_factorial_2.sint" time="0.012">
                      
                    </testcase><testcase classname="simpret.MainTestLab2" name="typing test add.sint" time="0.003">
                      
                    </testcase><testcase classname="simpret.MainTestLab2" name="typing test app.sint" time="0.002">
                      
                    </testcase><testcase classname="simpret.MainTestLab2" name="typing test app_2.sint" time="0.002">
                      
                    </testcase><testcase classname="simpret.MainTestLab2" name="typing test fix.sint" time="0.002">
                      
                    </testcase><testcase classname="simpret.MainTestLab2" name="typing test fix_2.sint" time="0.002">
                      
                    </testcase><testcase classname="simpret.MainTestLab2" name="typing test fix_3.sint" time="0.002">
                      
                    </testcase><testcase classname="simpret.MainTestLab2" name="typing test fix_4.sint" time="0.001">
                      
                    </testcase><testcase classname="simpret.MainTestLab2" name="typing test fix_5.sint" time="0.001">
                      
                    </testcase><testcase classname="simpret.MainTestLab2" name="typing test headType.sint" time="0.002">
                      
                    </testcase><testcase classname="simpret.MainTestLab2" name="typing test if.sint" time="0.001">
                      
                    </testcase><testcase classname="simpret.MainTestLab2" name="typing test if_2.sint" time="0.001">
                      
                    </testcase><testcase classname="simpret.MainTestLab2" name="typing test isNilType.sint" time="0.001">
                      
                    </testcase><testcase classname="simpret.MainTestLab2" name="typing test lessThan.sint" time="0.001">
                      
                    </testcase><testcase classname="simpret.MainTestLab2" name="typing test let.sint" time="0.001">
                      
                    </testcase><testcase classname="simpret.MainTestLab2" name="typing test listMixedType.sint" time="0.002">
                      
                    </testcase><testcase classname="simpret.MainTestLab2" name="typing test listMixup.sint" time="0.002">
                      
                    </testcase><testcase classname="simpret.MainTestLab2" name="typing test minus.sint" time="0.001">
                      
                    </testcase><testcase classname="simpret.MainTestLab2" name="typing test recordMemberUntyped.sint" time="0.001">
                      
                    </testcase><testcase classname="simpret.MainTestLab2" name="typing test recordProj.sint" time="0.002">
                      
                    </testcase><testcase classname="simpret.MainTestLab2" name="typing test recordWrongName.sint" time="0.002">
                      
                    </testcase><testcase classname="simpret.MainTestLab2" name="typing test recordWrongName_2.sint" time="0.002">
                      
                    </testcase><testcase classname="simpret.MainTestLab2" name="typing test tailType.sint" time="0.001">
                      
                    </testcase><testcase classname="simpret.MainTestLab2" name="typing test tupleOutOfBound.sint" time="0.002">
                      
                    </testcase><testcase classname="simpret.MainTestLab2" name="typing test tupleOutOfBound_2.sint" time="0.001">
                      
                    </testcase><testcase classname="simpret.MainTestLab2" name="typing test tuple_1.sint" time="0.001">
                      
                    </testcase><testcase classname="simpret.MainTestLab2" name="typing test tuple_2.sint" time="0.001">
                      
                    </testcase><testcase classname="simpret.MainTestLab2" name="typing test unboundVariable.sint" time="0.0">
                      
                    </testcase><testcase classname="simpret.MainTestLab2" name="typing test var.sint" time="0.001">
                      
                    </testcase>
          <system-out><![CDATA[]]></system-out>
          <system-err><![CDATA[]]></system-err>
        </testsuite>